<?xml version="1.0" encoding="UTF-8"?>
<!-- Generated by org.testng.reporters.JUnitReportReporter -->
<testsuite hostname="LTIN718614" failures="0" tests="3" name="tests.HondaBikesTest" time="2.054" errors="0" timestamp="2026-04-30T14:54:42 IST" skipped="0">
  <testcase classname="tests.HondaBikesTest" name="tc01_verifyUpcomingBikesPageOpens" time="0.044"/>
  <testcase classname="tests.HondaBikesTest" name="tc02_verifyHondaFilterApplied" time="0.024"/>
  <testcase classname="tests.HondaBikesTest" name="tc03_verifyBikesUnder4LacDisplayed" time="1.986"/>
</testsuite> <!-- tests.HondaBikesTest -->
